<?xml version="1.0" encoding="UTF-8"?>
<!-- Generated by org.testng.reporters.JUnitReportReporter -->
<testsuite hostname="LAPTOP-RL7JVSAU" failures="0" tests="1" name="com.has.testScripts.AdminModule" time="114.180" errors="0" timestamp="2025-02-27T00:01:01 IST" skipped="0">
  <testcase classname="com.has.testScripts.AdminModule" name="createAdmin" time="114.180"/>
  <system-out>
    <![CDATA[Doctor created Successfully]]>
  </system-out>
</testsuite> <!-- com.has.testScripts.AdminModule -->
